[debug] [2021-06-08T13:46:16.387Z] ----------------------------------------------------------------------
[debug] [2021-06-08T13:46:16.389Z] Command:       D:\node.exe C:\Users\rubxu\AppData\Roaming\npm\node_modules\firebase-tools\lib\bin\firebase.js init
[debug] [2021-06-08T13:46:16.389Z] CLI Version:   9.12.1
[debug] [2021-06-08T13:46:16.389Z] Platform:      win32
[debug] [2021-06-08T13:46:16.389Z] Node Version:  v14.15.0
[debug] [2021-06-08T13:46:16.390Z] Time:          Tue Jun 08 2021 15:46:16 GMT+0200 (Central European Summer Time)
[debug] [2021-06-08T13:46:16.390Z] ----------------------------------------------------------------------
[debug] 
[debug] [2021-06-08T13:46:16.392Z] >>> [apiv2][query] GET https://firebase-public.firebaseio.com/cli.json [none]
[debug] [2021-06-08T13:46:16.407Z] > command requires scopes: ["email","openid","https://www.googleapis.com/auth/cloudplatformprojects.readonly","https://www.googleapis.com/auth/firebase","https://www.googleapis.com/auth/cloud-platform"]
[debug] [2021-06-08T13:46:16.407Z] > authorizing via signed-in user (rubxue12@gmail.com)
[info] 
     ######## #### ########  ######## ########     ###     ######  ########
     ##        ##  ##     ## ##       ##     ##  ##   ##  ##       ##
     ######    ##  ########  ######   ########  #########  ######  ######
     ##        ##  ##    ##  ##       ##     ## ##     ##       ## ##
     ##       #### ##     ## ######## ########  ##     ##  ######  ########

You're about to initialize a Firebase project in this directory:

  D:\Second Year\Second Semester\Client Side Scripting ll\cssassignment2

[debug] [2021-06-08T13:46:16.958Z] <<< [apiv2][status] GET https://firebase-public.firebaseio.com/cli.json 200
[debug] [2021-06-08T13:46:16.959Z] <<< [apiv2][body] GET https://firebase-public.firebaseio.com/cli.json {"cloudBuildErrorAfter":1594252800000,"cloudBuildWarnAfter":1590019200000,"defaultNode10After":1594252800000,"minVersion":"3.0.5","node8DeploysDisabledAfter":1613390400000,"node8RuntimeDisabledAfter":1615809600000,"node8WarnAfter":1600128000000}
